<?xml version="1.0" encoding="UTF-8"?>
<!-- Generated by org.testng.reporters.JUnitXMLReporter -->
<testsuite ignored="1" hostname="DESKTOP-0LJMU54" failures="1" tests="2" name="Default test(failed)" time="0.123" errors="0" timestamp="2026-03-01T18:18:50 EST">
  <testcase classname="test.testng_retry_failed_tests" name="test2" time="0.022"/>
  <testcase classname="test.testng_retry_failed_tests" name="test3" time="0.017">
    <failure type="java.lang.AssertionError">
      <![CDATA[java.lang.AssertionError
at org.junit.Assert.fail(Assert.java:86)
at org.junit.Assert.assertTrue(Assert.java:41)
at org.junit.Assert.assertTrue(Assert.java:52)
at test.testng_retry_failed_tests.test3(testng_retry_failed_tests.java:22)
at java.base/java.util.ArrayList.forEach(ArrayList.java:1596)
... Removed 25 stack frames]]>
    </failure>
  </testcase> <!-- test3 -->
  <testcase classname="test.testng_retry_failed_tests" name="test1" time="0.0">
    <ignored/>
  </testcase> <!-- test1 -->
</testsuite> <!-- Default test(failed) -->
