<?xml version="1.0" encoding="UTF-8"?>
<!-- Generated by org.testng.reporters.JUnitXMLReporter -->
<testsuite ignored="3" hostname="DESKTOP-0LJMU54" failures="0" tests="1" name="Test" time="0.129" errors="0" timestamp="2026-03-01T17:03:40 EST">
  <testcase classname="test.testng_group" name="test4" time="0.031"/>
  <testcase classname="test.testng_group" name="test1" time="0.0">
    <ignored/>
  </testcase> <!-- test1 -->
  <testcase classname="test.testng_group" name="test2" time="0.0">
    <ignored/>
  </testcase> <!-- test2 -->
  <testcase classname="test.testng_group" name="test3" time="0.0">
    <ignored/>
  </testcase> <!-- test3 -->
</testsuite> <!-- Test -->
