<?xml version="1.0" encoding="UTF-8"?>
<testng-results ignored="0" total="2" passed="2" failed="0" skipped="0">
  <reporter-output>
  </reporter-output>
  <suite started-at="2026-03-01T21:30:07 EST" name="Suite" finished-at="2026-03-01T21:30:14 EST" duration-ms="7554">
    <groups>
    </groups>
    <test started-at="2026-03-01T21:30:07 EST" name="Test" finished-at="2026-03-01T21:30:14 EST" duration-ms="7554">
      <class name="test.TestNG_loginTest">
        <test-method is-config="true" signature="setupTest()[pri:0, instance:test.TestNG_loginTest@dd8ba08]" started-at="2026-03-01T21:30:07 EST" name="setupTest" finished-at="2026-03-01T21:30:12 EST" duration-ms="5056" status="PASS">
          <reporter-output>
          </reporter-output>
        </test-method> <!-- setupTest -->
        <test-method signature="LoingTest()[pri:0, instance:test.TestNG_loginTest@dd8ba08]" started-at="2026-03-01T21:30:12 EST" name="LoingTest" finished-at="2026-03-01T21:30:13 EST" duration-ms="1375" status="PASS">
          <reporter-output>
          </reporter-output>
        </test-method> <!-- LoingTest -->
        <test-method signature="LoingTest_POM()[pri:0, instance:test.TestNG_loginTest@dd8ba08]" started-at="2026-03-01T21:30:13 EST" name="LoingTest_POM" finished-at="2026-03-01T21:30:14 EST" duration-ms="696" status="PASS">
          <reporter-output>
          </reporter-output>
        </test-method> <!-- LoingTest_POM -->
        <test-method is-config="true" signature="tearDown()[pri:0, instance:test.TestNG_loginTest@dd8ba08]" started-at="2026-03-01T21:30:14 EST" name="tearDown" finished-at="2026-03-01T21:30:14 EST" duration-ms="340" status="PASS">
          <reporter-output>
          </reporter-output>
        </test-method> <!-- tearDown -->
      </class> <!-- test.TestNG_loginTest -->
    </test> <!-- Test -->
  </suite> <!-- Suite -->
</testng-results>
