<?xml version="1.0" encoding="UTF-8"?>
<testng-results ignored="0" total="2" passed="2" failed="0" skipped="0">
  <reporter-output>
  </reporter-output>
  <suite started-at="2026-03-01T17:55:42 EST" name="Default suite" finished-at="2026-03-01T17:55:42 EST" duration-ms="147">
    <groups>
      <group name="sanity1">
        <method signature="testng_dependency.test2()[pri:0, instance:test.testng_dependency@2b71e916]" name="test2" class="test.testng_dependency"/>
      </group> <!-- sanity1 -->
    </groups>
    <test started-at="2026-03-01T17:55:42 EST" name="Default test" finished-at="2026-03-01T17:55:42 EST" duration-ms="147">
      <class name="test.testng_dependency">
        <test-method signature="test2()[pri:0, instance:test.testng_dependency@2b71e916]" started-at="2026-03-01T17:55:42 EST" name="test2" finished-at="2026-03-01T17:55:42 EST" duration-ms="24" status="PASS">
          <reporter-output>
          </reporter-output>
        </test-method> <!-- test2 -->
        <test-method signature="test1()[pri:0, instance:test.testng_dependency@2b71e916]" started-at="2026-03-01T17:55:42 EST" name="test1" depends-on-groups="sanity1" finished-at="2026-03-01T17:55:42 EST" duration-ms="5" status="PASS">
          <reporter-output>
          </reporter-output>
        </test-method> <!-- test1 -->
      </class> <!-- test.testng_dependency -->
    </test> <!-- Default test -->
  </suite> <!-- Default suite -->
</testng-results>
