<?xml version="1.0" encoding="UTF-8"?>
<!-- Generated by org.testng.reporters.JUnitReportReporter -->
<testsuite hostname="DESKTOP-0LJMU54" failures="0" tests="6" name="testng_priorities.priorities_test" time="0.053" errors="0" timestamp="2026-03-01T16:08:49 EST" skipped="0">
  <testcase classname="testng_priorities.priorities_test" name="test3" time="0.033"/>
  <testcase classname="testng_priorities.priorities_test" name="three" time="0.004"/>
  <testcase classname="testng_priorities.priorities_test" name="two" time="0.003"/>
  <testcase classname="testng_priorities.priorities_test" name="test2" time="0.006"/>
  <testcase classname="testng_priorities.priorities_test" name="one" time="0.004"/>
  <testcase classname="testng_priorities.priorities_test" name="test1" time="0.003"/>
</testsuite> <!-- testng_priorities.priorities_test -->
